<?xml version="1.0" encoding="UTF-8"?>
<!-- Generated by org.testng.reporters.JUnitReportReporter -->
<testsuite hostname="LAPTOP-VDE2I4SU" failures="0" tests="1" name="com.anu.testscripts.DynamicTableTest" time="6.338" errors="0" timestamp="2023-03-27T02:09:09 IST" skipped="0">
  <testcase classname="com.anu.testscripts.DynamicTableTest" name="verifyElementIsPresent" time="6.338"/>
  <system-out/>
</testsuite> <!-- com.anu.testscripts.DynamicTableTest -->
