<?xml version="1.0" encoding="UTF-8"?>
<!-- Generated by org.testng.reporters.JUnitReportReporter -->
<testsuite hostname="LAPTOP-VDE2I4SU" failures="0" tests="1" name="com.anu.testscripts.RadioButtonDemoPageFactoryTest" time="4.422" errors="0" timestamp="2023-03-29T01:35:53 IST" skipped="0">
  <testcase classname="com.anu.testscripts.RadioButtonDemoPageFactoryTest" name="verifyBorderColorOfShowSelectedValueButton" time="4.422"/>
  <system-out/>
</testsuite> <!-- com.anu.testscripts.RadioButtonDemoPageFactoryTest -->
