<?xml version="1.0" encoding="UTF-8"?>
<!-- Generated by org.testng.reporters.JUnitReportReporter -->
<testsuite hostname="LAPTOP-VDE2I4SU" failures="0" tests="1" name="com.anu.testscripts.SimpleInputFormPageFacoryTest" time="4.696" errors="0" timestamp="2023-03-29T01:45:07 IST" skipped="0">
  <testcase classname="com.anu.testscripts.SimpleInputFormPageFacoryTest" name="verifySingleInputTextField" time="4.696"/>
  <system-out/>
</testsuite> <!-- com.anu.testscripts.SimpleInputFormPageFacoryTest -->
