<?xml version="1.0" encoding="UTF-8"?>
<!-- Generated by org.testng.reporters.JUnitReportReporter -->
<testsuite hostname="LAPTOP-VDE2I4SU" failures="0" tests="1" name="com.anu.testscripts.DataProvider" time="0.016" errors="0" timestamp="2023-04-03T08:02:00 IST" skipped="0">
  <testcase classname="com.anu.testscripts.DataProvider" name="testcase" time="0.016"/>
  <system-out/>
</testsuite> <!-- com.anu.testscripts.DataProvider -->
