<?xml version="1.0" encoding="UTF-8"?>
<!-- Generated by org.testng.reporters.JUnitReportReporter -->
<testsuite hostname="LAPTOP-VDE2I4SU" failures="0" tests="3" name="com.anu.testscripts.SelectInputTest" time="23.898" errors="0" timestamp="2023-03-22T08:28:32 IST" skipped="0">
  <testcase classname="com.anu.testscripts.SelectInputTest" name="verifyWidthOfselectColorDropDownMenu" time="7.101"/>
  <system-out/>
  <testcase classname="com.anu.testscripts.SelectInputTest" name="verifyFontSizeOfselectColorTextField" time="8.085"/>
  <system-out/>
  <testcase classname="com.anu.testscripts.SelectInputTest" name="verifySelectInputDemo" time="8.712"/>
  <system-out/>
</testsuite> <!-- com.anu.testscripts.SelectInputTest -->
