<?xml version="1.0" encoding="UTF-8"?>
<!-- Generated by org.testng.reporters.JUnitReportReporter -->
<testsuite hostname="LAPTOP-VDE2I4SU" failures="0" tests="1" name="com.anu.POM.Base" time="12.007" errors="0" timestamp="2023-03-06T17:09:48 IST" skipped="0">
  <testcase classname="com.anu.POM.Base" name="initializeBrowser" time="12.007"/>
  <system-out/>
</testsuite> <!-- com.anu.POM.Base -->
