<?xml version="1.0" encoding="UTF-8"?>
<!-- Generated by org.testng.reporters.JUnitReportReporter -->
<testsuite hostname="LAPTOP-VDE2I4SU" failures="0" tests="1" name="com.anu.testscripts.CheckBoxDemoPageFactoryTest" time="4.419" errors="0" timestamp="2023-03-28T23:50:46 IST" skipped="0">
  <testcase classname="com.anu.testscripts.CheckBoxDemoPageFactoryTest" name="verifyFontWeightOfsingleCheckBoxTextField" time="4.419"/>
  <system-out/>
</testsuite> <!-- com.anu.testscripts.CheckBoxDemoPageFactoryTest -->
