<?xml version="1.0" encoding="UTF-8"?>
<!-- Generated by org.testng.reporters.JUnitReportReporter -->
<testsuite hostname="LAPTOP-VDE2I4SU" failures="0" tests="1" name="com.anu.testscripts.SimpleInputFormDemoTest" time="5.918" errors="0" timestamp="2023-04-13T00:12:30 IST" skipped="0">
  <testcase classname="com.anu.testscripts.SimpleInputFormDemoTest" name="verifySingleInputTextField" time="5.918"/>
  <system-out/>
</testsuite> <!-- com.anu.testscripts.SimpleInputFormDemoTest -->
