<?xml version="1.0" encoding="UTF-8"?>
<!-- Generated by org.testng.reporters.JUnitReportReporter -->
<testsuite hostname="LAPTOP-VDE2I4SU" failures="0" tests="3" name="com.anu.testscripts.CheckBoxDemoTest" time="23.387" errors="0" timestamp="2023-03-22T08:28:32 IST" skipped="0">
  <testcase classname="com.anu.testscripts.CheckBoxDemoTest" name="verifyFontWeightOfsingleCheckBoxTextField" time="9.104"/>
  <system-out/>
  <testcase classname="com.anu.testscripts.CheckBoxDemoTest" name="verifySizeOfBox" time="7.436"/>
  <system-out/>
  <testcase classname="com.anu.testscripts.CheckBoxDemoTest" name="verifySingleCheckBoxDemo" time="6.847"/>
  <system-out/>
</testsuite> <!-- com.anu.testscripts.CheckBoxDemoTest -->
