<?xml version="1.0" encoding="UTF-8"?>
<!-- Generated by org.testng.reporters.JUnitReportReporter -->
<testsuite hostname="LAPTOP-VDE2I4SU" failures="0" tests="1" name="com.anu.testscripts.RadioButtonDemoTest" time="8.018" errors="0" timestamp="2023-03-22T00:59:48 IST" skipped="0">
  <testcase classname="com.anu.testscripts.RadioButtonDemoTest" name="verifyBorderColorOfShowSelectedValueButton" time="8.018"/>
  <system-out/>
</testsuite> <!-- com.anu.testscripts.RadioButtonDemoTest -->
